make.exe all --print-data-base --no-builtin-variables --no-builtin-rules --question
# GNU Make 3.81
# Copyright (C) 2006  Free Software Foundation, Inc.
# This is free software; see the source for copying conditions.
# There is NO warranty; not even for MERCHANTABILITY or FITNESS FOR A
# PARTICULAR PURPOSE.

# This program built for i686-pc-msys
 

# Make data base, printed on Thu Jun 17 14:42:49 2021

# Variables

# automatic
<D = $(patsubst %/,%,$(dir $<))
# automatic
?F = $(notdir $?)
 
# environment
VTOOLS = C:\Program Files (x86)\Steam\steamapps\common\SourceFilmmaker\game\sdktools
# makefile
MAKEFLAGS = Rrqp
# environment
VSCODE_LOG_NATIVE = false
# automatic
?D = $(patsubst %/,%,$(dir $?))
# automatic
@D = $(patsubst %/,%,$(dir $@))
# environment
HOMEDRIVE = C:
# automatic
@F = $(notdir $@)
# automatic
^D = $(patsubst %/,%,$(dir $^))
# makefile
CURDIR := /c/Users/Jessica/Sam/C99/reset
# default
SHELL := /bin/sh
# environment
CLION = C:\Program Files\JetBrains\CLion 2021.1\bin;
# environment
WINDIR = C:\WINDOWS
# environment
VSCODE_NLS_CONFIG = {"locale":"en-us","availableLanguages":{},"_languagePackSupport":true}
# environment
ONEDRIVE = C:\Users\Jessica\OneDrive
# makefile (from `Makefile', line 4)
config = debug_x64
# environment
MAVEN_HOME = C:\Maven\apache-maven-3.6.3
# environment
PATHEXT = .COM;.EXE;.BAT;.CMD;.VBS;.VBE;.JS;.JSE;.WSF;.WSH;.MSC
# makefile (from `Makefile', line 1)
MAKEFILE_LIST :=  Makefile
# environment
FPS_BROWSER_USER_PROFILE_STRING = Default
# environment
VSCODE_NODE_CACHED_DATA_DIR = C:\Users\Jessica\AppData\Roaming\Code\CachedData\b4c1bd0a9b03c749ea011b06c6d2676c8091a70c
# environment
TMP = /tmp
# environment
VSCODE_VERBOSE_LOGGING = true
# makefile (from `Makefile', line 8)
SILENT = @
# environment
PROGRAMW6432 = C:\Program Files
# environment
PROGRAMDATA = C:\ProgramData
# environment
VSCODE_IPC_HOOK_EXTHOST = \\.\pipe\vscode-ipc-32df20b5-afb7-495b-b2de-702719b8c155-sock
# environment
VSCODE_CWD = C:\Users\Jessica\AppData\Local\Programs\Microsoft VS Code
# environment
PATH = /c/Program Files/Common Files/Oracle/Java/javapath:/c/Program Files/Java/jdk-15.0.2/bin:/c/Program Files/AdoptOpenJDK/jdk-8.0.222.10-hotspot/bin:/c/Program Files (x86)/Common Files/Oracle/Java/javapath:/c/ProgramData/Oracle/Java/javapath:/c/WINDOWS/system32:/c/WINDOWS:/c/WINDOWS/System32/Wbem:/c/WINDOWS/System32/WindowsPowerShell/v1.0/:/c/Program Files (x86)/Windows Live/Shared:/c/Program Files/dotnet/:/c/Program Files/Microsoft SQL Server/130/Tools/Binn/:/c/WINDOWS/System32/OpenSSH/:/c/Program Files/Java/jdk1.8.0_181/bin:/c/Program Files/NVIDIA Corporation/NVIDIA NvDLISR:/c/WINDOWS/system32:/c/WINDOWS:/c/WINDOWS/System32/Wbem:/c/WINDOWS/System32/WindowsPowerShell/v1.0/:/c/WINDOWS/System32/OpenSSH/:/c/Program Files/nodejs/:/c/ProgramData/chocolatey/bin:/c/Program Files (x86)/Microsoft SQL Server/150/DTS/Binn/:/c/Program Files/Azure Data Studio/bin:/c/Program Files/PuTTY/:/c/Maven/apache-maven-3.6.3/bin:/c/Program Files (x86)/NVIDIA Corporation/PhysX/Common:/mingw/bin:/c/Program Files/Git/cmd:/c/Program Files (x86)/Visual Leak Detector/bin/Win32:/c/Program Files (x86)/Visual Leak Detector/bin/Win64:/c/Program Files/CMake/bin:/c/cmdv/premake-5.0.0-alpha16-windows:/c/Program Files/LLVM/bin:/c/Program Files/Java/jdk-15.0.2/bin:/c/Users/Jessica/Sam/Haskell/Install/bin:/c/Users/Jessica/AppData/Local/GitHubDesktop/bin:/c/Users/Jessica/AppData/Local/atom/bin:/mingw/bin:/usr/bin:/c/Users/Jessica/AppData/Local/Programs/Microsoft VS Code/bin:/c/Users/Jessica/AppData/Local/Microsoft/WindowsApps:/c/Users/Jessica/AppData/Roaming/npm:/c/Users/Jessica/.dotnet/tools:/c/Users/Jessica/AppData/Roaming/cabal/bin:/c/ProgramData/chocolatey/lib/ghc/tools/ghc-8.10.1/bin:/c/tools/msys64:/c/Python27:/c/Program Files/Azure Data Studio/bin:/c/Maven/apache-maven-3.6.3/bin:/c/Program Files/JetBrains/CLion 2021.1/bin:.:/c/Program Files (x86)/Dr. Memory/bin/:/c/Program Files/LLVM/bin
# environment
COMMONPROGRAMW6432 = C:\Program Files\Common Files
# environment
CHOCOLATEYLASTPATHUPDATE = 132400385609718697
# environment
PROCESSOR_ARCHITECTURE = x86
# environment
USERPROFILE = C:\Users\Jessica
# environment
CHOCOLATEYINSTALL = C:\ProgramData\chocolatey
# environment
MINITAB_LICENSE_FILE = C:\ProgramData\Minitab\Minitab 19
# environment
!C: = c:\Users\Jessica\Sam\C99\reset
# environment
ALLUSERSPROFILE = C:\ProgramData
# environment
VSCODE_LOG_STACK = false
# environment
NUMBER_OF_PROCESSORS = 4
# environment
ELECTRON_RUN_AS_NODE = 1
# default
.FEATURES := target-specific order-only second-expansion else-if archives jobserver check-symlink
# environment
VGAME = C:\Program Files (x86)\Steam\steamapps\common\SourceFilmmaker\game
# environment
VPROJECT = C:\Program Files (x86)\Steam\steamapps\common\SourceFilmmaker\game\usermod
# automatic
%F = $(notdir $%)
# environment
CHROME_CRASHPAD_PIPE_NAME = \\.\pipe\crashpad_15236_PLZKSAHBCQXOJTOS
# environment
VSCODE_PIPE_LOGGING = true
# environment
COMPUTERNAME = ZERO
# environment
PROGRAMFILES = C:\Program Files (x86)
# environment
DRIVERDATA = C:\Windows\System32\Drivers\DriverData
# environment
ORIGINAL_XDG_CURRENT_DESKTOP = undefined
# environment
USERNAME = Sam
# environment
PUBLIC = C:\Users\Public
# environment
VSCODE_AMD_ENTRYPOINT = vs/workbench/services/extensions/node/extensionHostProcess
# environment
CHOCOLATEYTOOLSLOCATION = C:\tools
# environment
APPLICATION_INSIGHTS_NO_DIAGNOSTIC_CHANNEL = true
# environment
COMMONPROGRAMFILES = C:\Program Files (x86)\Common Files
# environment
LOGONSERVER = \\ZERO
# environment
 
M2_HOME = C:\Maven\apache-maven-3.6.3
# environment
ONEDRIVECONSUMER = C:\Users\Jessica\OneDrive
# environment
VSCODE_HANDLES_UNCAUGHT_ERRORS = true
# environment
 
USERDOMAIN = ZERO
# default
MAKE = $(MAKE_COMMAND)
# default
 
MAKECMDGOALS := all
# makefile (from `Makefile', line 13)
RTEST_config = debug_x64
# environment
JAVA_HOME = C:\Program Files\Java\jdk-15.0.2
# default
MAKE_VERSION := 3.81
# makefile
.DEFAULT_GOAL := all
# makefile (from `Makefile', line 12)
RESET_config = debug_x64
# environment
PROGRAMFILES(X86) = C:\Program Files (x86)
# automatic
%D = $(patsubst %/,%,$(dir $%))
# environment
STACK_ROOT = C:\sr
# environment
LOCALAPPDATA = C:\Users\Jessica\AppData\Local
# environment
PSMODULEPATH = C:\WINDOWS\system32\WindowsPowerShell\v1.0\Modules\
# default
MAKE_COMMAND := "make.exe"
# environment
PROCESSOR_ARCHITEW6432 = AMD64
# default
.VARIABLES := 
# automatic
*F = $(notdir $*)
# environment
PROCESSOR_IDENTIFIER = Intel64 Family 6 Model 94 Stepping 3, GenuineIntel
# environment
OS = Windows_NT
# environment
VSCODE_IPC_HOOK = \\.\pipe\841951b455b27ad2743c69f5c03c8830-1.57.0-main-sock
# environment
HOMEPATH = \
# environment
COMMONPROGRAMFILES(X86) = C:\Program Files (x86)\Common Files
# environment
PROMPT = $P$G
# environment
MFLAGS = -Rrqp
# automatic
*D = $(patsubst %/,%,$(dir $*))
# environment
SYSTEMROOT = C:\WINDOWS
# environment
_MSYS2_PREFIX = x86_64
# automatic
+D = $(patsubst %/,%,$(dir $+))
# automatic
+F = $(notdir $+)
# environment
APPDATA = C:\Users\Jessica\AppData\Roaming
# environment
TEMP = /tmp
# environment
COMSPEC = C:\WINDOWS\system32\cmd.exe
# default
MAKEFILES := 
# environment
VCONTENT = C:\Program Files (x86)\Steam\steamapps\common\SourceFilmmaker\content
# automatic
<F = $(notdir $<)
# environment
LC_ALL = C
# automatic
^F = $(notdir $^)
# default
SUFFIXES := 
# environment
SYSTEMDRIVE = C:
# environment
SESSIONNAME = Console
# environment
PROCESSOR_REVISION = 5e03
# environment
VMOD = usermod
# default
.INCLUDE_DIRS = /usr/include /usr/include
# environment
MAKELEVEL := 0
# makefile (from `Makefile', line 31)
PROJECTS := RESET RTEST
# environment
_MSYS2_BASH = C:\tools\msys64\usr\bin\bash.exe
# environment
LANG = C
# environment
PROCESSOR_LEVEL = 6
# environment
TERM = cygwin
# environment
FPS_BROWSER_APP_PROFILE_STRING = Internet Explorer
# environment
 
VSCODE_PID = 15236
# environment
USERDOMAIN_ROAMINGPROFILE = ZERO
# variable set hash-table stats:
# Load=113/1024=11%, Rehash=0, Collisions=10/151=7%

# Pattern-specific Variable Values

# No pattern-specific variable values.

# Directories

# . (device 6956, inode 3552163): 19 files, no impossibilities.

# 19 files, no impossibilities in 1 directories.

# Implicit Rules

# No implicit rules.

# Files

all: RESET RTEST
#  Phony target (prerequisite of .PHONY).
#  Command-line target.
#  Implicit rule search has not been done.
#  File does not exist.
#  File has been updated.
 
#  Needs to be updated (-q is set).
# variable set hash-table stats:
# Load=0/32=0%, Rehash=0, Collisions=0/6=0%

.PHONY: all clean help RESET RTEST
#  Implicit rule search has not been done.
#  Modification time never checked.
#  File has not been updated.

# Not a target:
.SUFFIXES:
#  Implicit rule search has not been done.
#  Modification time never checked.
#  File has not been updated.

# Not a target:
Makefile:
#  Implicit rule search has been done.
 
#  Last modified 2021-06-17 13:45:12
 
#  File has been updated.
 
#  Successfully updated.
# variable set hash-table stats:
# Load=0/32=0%, Rehash=0, Collisions=0/0=0%

help:
#  Phony target (prerequisite of .PHONY).
#  Implicit rule search has not been done.
#  File does not exist.
#  File has not been updated.
#  commands to execute (from `Makefile', line 54):
	@echo "Usage: make [config=name] [target]"
	@echo ""
	@echo "CONFIGURATIONS:"
	@echo "  debug_x64"
	@echo "  debug_x32"
	@echo "  release_x64"
	@echo "  release_x32"
	@echo ""
	@echo "TARGETS:"
	@echo "   all (default)"
	@echo "   clean"
	@echo "   RESET"
	@echo "   RTEST"
	@echo ""
	@echo "For more information, see https://github.com/premake/premake-core/wiki"
	

# Not a target:
.DEFAULT:
#  Implicit rule search has not been done.
#  Modification time never checked.
#  File has not been updated.

clean:
#  Phony target (prerequisite of .PHONY).
#  Implicit rule search has not been done.
#  File does not exist.
#  File has not been updated.
#  commands to execute (from `Makefile', line 50):
	@${MAKE} --no-print-directory -C . -f RESET.make clean
	@${MAKE} --no-print-directory -C . -f RTEST.make clean
	

RTEST: RESET
#  Phony target (prerequisite of .PHONY).
#  Implicit rule search has not been done.
#  File does not exist.
#  File has not been updated.
#  commands to execute (from `Makefile', line 45):
	@echo "==== Building RTEST ($(RTEST_config)) ===="
	@${MAKE} --no-print-directory -C . -f RTEST.make config=$(RTEST_config)
	

RESET:
#  Phony target (prerequisite of .PHONY).
#  Implicit rule search has not been done.
#  Implicit/static pattern stem: `'
#  File does not exist.
#  File has been updated.
 
#  Needs to be updated (-q is set).
# automatic
 
# @ := RESET
 
# automatic
# % := 
# automatic
# * := 
# automatic
# + := 
# automatic
# | := 
# automatic
# < := 
# automatic
# ^ := 
# automatic
# ? := 
# variable set hash-table stats:
# Load=8/32=25%, Rehash=0, Collisions=2/14=14%
#  commands to execute (from `Makefile', line 39):
	@echo "==== Building RESET ($(RESET_config)) ===="
	@${MAKE} --no-print-directory -C . -f RESET.make config=$(RESET_config)
	

# files hash-table stats:
# Load=9/1024=1%, Rehash=0, Collisions=0/30=0%
# VPATH Search Paths

# No `vpath' search paths.

# No general (`VPATH' variable) search path.

# # of strings in strcache: 1
# # of strcache buffers: 1
# strcache size: total = 4096 / max = 4096 / min = 4096 / avg = 4096
# strcache free: total = 4087 / max = 4087 / min = 4087 / avg = 4087

# Finished Make data base on Thu Jun 17 14:42:49 2021

 
